<?xml version="1.0" encoding="UTF-8"?>
<!-- Generated by org.testng.reporters.JUnitReportReporter -->
<testsuite hostname="LAPTOP-OO0IA3A3" failures="0" tests="1" name="lab4.bai2.lab4Test" time="0.009" errors="0" timestamp="2024-07-18T12:24:30 ICT" skipped="0">
  <testcase classname="lab4.bai2.lab4Test" name="testCase1" time="0.009"/>
</testsuite> <!-- lab4.bai2.lab4Test -->
