<?xml version="1.0" encoding="UTF-8"?>
<!-- Generated by org.testng.reporters.JUnitReportReporter -->
<testsuite hostname="LAPTOP-OO0IA3A3" failures="0" tests="1" name="lab4.lab4Test" time="0.010" errors="0" timestamp="2024-07-13T13:05:33 ICT" skipped="0">
  <testcase classname="lab4.lab4Test" name="testCase1" time="0.010"/>
</testsuite> <!-- lab4.lab4Test -->
