<?xml version="1.0" encoding="UTF-8"?>
<!-- Generated by org.testng.reporters.JUnitReportReporter -->
<testsuite hostname="LAPTOP-OO0IA3A3" failures="0" tests="1" name="lab4.bai3.VatCalculatorTest" time="0.013" errors="0" timestamp="2024-07-13T13:18:21 ICT" skipped="0">
  <testcase classname="lab4.bai3.VatCalculatorTest" name="getVatOnAmountTest" time="0.013"/>
</testsuite> <!-- lab4.bai3.VatCalculatorTest -->
