<?xml version="1.0" encoding="UTF-8"?>
<!-- Generated by org.testng.reporters.JUnitReportReporter -->
<testsuite hostname="LAPTOP-OO0IA3A3" failures="0" tests="1" name="lab6bai1.ChormPolyTest" time="31.011" errors="0" timestamp="2024-07-25T12:57:28 ICT" skipped="0">
  <testcase classname="lab6bai1.ChormPolyTest" name="verifyHomepageTitle" time="31.011"/>
</testsuite> <!-- lab6bai1.ChormPolyTest -->
