<?xml version="1.0" encoding="UTF-8"?>
<!-- Generated by org.testng.reporters.JUnitReportReporter -->
<testsuite hostname="LAPTOP-OO0IA3A3" failures="0" tests="3" name="lab6bai3.testNGPriorityExample" time="0.015" errors="0" timestamp="2024-07-30T14:49:20 ICT" skipped="0">
  <testcase classname="lab6bai3.testNGPriorityExample" name="registerAccount" time="0.011"/>
  <testcase classname="lab6bai3.testNGPriorityExample" name="login" time="0.002"/>
  <testcase classname="lab6bai3.testNGPriorityExample" name="sendEmail" time="0.002"/>
</testsuite> <!-- lab6bai3.testNGPriorityExample -->
