<?xml version="1.0" encoding="UTF-8"?>
<!-- Generated by org.testng.reporters.JUnitReportReporter -->
<testsuite hostname="LAPTOP-OO0IA3A3" failures="0" tests="2" name="lab6bai3.ParametersTesting" time="0.015" errors="0" timestamp="2024-07-25T13:50:46 ICT" skipped="0">
  <testcase classname="lab6bai3.ParametersTesting" name="OpenBrowser" time="0.002"/>
  <testcase classname="lab6bai3.ParametersTesting" name="FillLoginForm" time="0.013"/>
</testsuite> <!-- lab6bai3.ParametersTesting -->
