<?xml version="1.0" encoding="UTF-8"?>
<!-- Generated by org.testng.reporters.JUnitReportReporter -->
<testsuite hostname="LAPTOP-OO0IA3A3" failures="0" tests="2" name="lab6bai2.TestClass" time="0.018" errors="0" timestamp="2024-07-25T13:30:52 ICT" skipped="0">
  <testcase classname="lab6bai2.TestClass" name="unitLevel1" time="0.013"/>
  <testcase classname="lab6bai2.TestClass" name="unitLevel2" time="0.005"/>
</testsuite> <!-- lab6bai2.TestClass -->
