<?xml version="1.0" encoding="UTF-8"?>
<!-- Generated by org.testng.reporters.JUnitReportReporter -->
<testsuite hostname="LAPTOP-OO0IA3A3" failures="0" tests="6" name="fpoly.testSauce" time="36.891" errors="0" timestamp="2024-07-30T15:49:37 ICT" skipped="0">
  <testcase classname="fpoly.testSauce" name="testCase4" time="10.316"/>
  <testcase classname="fpoly.testSauce" name="testCase1" time="5.765"/>
  <testcase classname="fpoly.testSauce" name="testCase2" time="4.818"/>
  <testcase classname="fpoly.testSauce" name="testCase5" time="5.100"/>
  <testcase classname="fpoly.testSauce" name="testCase6" time="4.771"/>
  <testcase classname="fpoly.testSauce" name="testCase3" time="6.121"/>
</testsuite> <!-- fpoly.testSauce -->
