<?xml version="1.0" encoding="UTF-8"?>
<!-- Generated by org.testng.reporters.JUnitReportReporter -->
<testsuite hostname="LAPTOP-OO0IA3A3" failures="0" tests="1" name="lab5bai1.edgePoly" time="27.428" errors="0" timestamp="2024-07-25T12:42:52 ICT" skipped="0">
  <testcase classname="lab5bai1.edgePoly" name="verifyHomepageTitle" time="27.428"/>
  <system-out/>
</testsuite> <!-- lab5bai1.edgePoly -->
