<?xml version="1.0" encoding="UTF-8"?>
<!-- Generated by org.testng.reporters.JUnitReportReporter -->
<testsuite hostname="LAPTOP-OO0IA3A3" failures="0" tests="1" name="com.java.ChromeDriverTest" time="6.929" errors="0" timestamp="2024-07-25T12:03:17 ICT" skipped="0">
  <testcase classname="com.java.ChromeDriverTest" name="verifyHomepageTitleChrome" time="6.929"/>
  <system-out/>
</testsuite> <!-- com.java.ChromeDriverTest -->
