<?xml version="1.0" encoding="UTF-8"?>
<!-- Generated by org.testng.reporters.JUnitReportReporter -->
<testsuite hostname="LAPTOP-OO0IA3A3" failures="0" tests="3" name="com.java.groupExamples" time="0.013" errors="0" timestamp="2024-07-25T11:59:18 ICT" skipped="0">
  <testcase classname="com.java.groupExamples" name="testCaseOne" time="0.002"/>
  <system-out/>
  <testcase classname="com.java.groupExamples" name="testCaseTwo" time="0.001"/>
  <system-out/>
  <testcase classname="com.java.groupExamples" name="testCaseFour" time="0.010"/>
  <system-out/>
</testsuite> <!-- com.java.groupExamples -->
