<?xml version="1.0" encoding="UTF-8"?>
<!-- Generated by org.testng.reporters.JUnitReportReporter -->
<testsuite hostname="LAPTOP-OO0IA3A3" failures="0" tests="1" name="com.java.EdgeDriverTest" time="5.150" errors="0" timestamp="2024-07-25T11:55:25 ICT" skipped="0">
  <testcase classname="com.java.EdgeDriverTest" name="verifyHomepageTitleEdge" time="5.150"/>
  <system-out/>
</testsuite> <!-- com.java.EdgeDriverTest -->
