<?xml version="1.0" encoding="UTF-8"?>
<!-- Generated by org.testng.reporters.JUnitReportReporter -->
<testsuite hostname="LAPTOP-OO0IA3A3" failures="0" tests="16" name="fpoly.ASM2" time="137.160" errors="0" timestamp="2024-08-01T12:28:10 ICT" skipped="0">
  <testcase classname="fpoly.ASM2" name="dangNhapTest" time="8.499"/>
  <testcase classname="fpoly.ASM2" name="dangXuatTest" time="5.071"/>
  <testcase classname="fpoly.ASM2" name="xemideoTest" time="18.559"/>
  <testcase classname="fpoly.ASM2" name="timVideoTest" time="10.617"/>
  <testcase classname="fpoly.ASM2" name="TTCNTest" time="4.419"/>
  <testcase classname="fpoly.ASM2" name="videoDaXemTest" time="6.184"/>
  <testcase classname="fpoly.ASM2" name="videoDaThichTest" time="5.417"/>
  <testcase classname="fpoly.ASM2" name="quanLyVideoTest" time="6.085"/>
  <testcase classname="fpoly.ASM2" name="ThemVideoTest" time="7.522"/>
  <testcase classname="fpoly.ASM2" name="updateVideoTest" time="9.858"/>
  <testcase classname="fpoly.ASM2" name="thongKeTest" time="9.753"/>
  <testcase classname="fpoly.ASM2" name="thongKeDanhSachThichTest" time="9.431"/>
  <testcase classname="fpoly.ASM2" name="thongKeDanhShareTest" time="7.679"/>
  <testcase classname="fpoly.ASM2" name="trangChuTest" time="2.888"/>
  <testcase classname="fpoly.ASM2" name="dangKyTest" time="13.293"/>
  <testcase classname="fpoly.ASM2" name="quenMatKhauTest" time="11.885"/>
</testsuite> <!-- fpoly.ASM2 -->
